<?xml version="1.0" encoding="UTF-8"?>
<!-- Generated by org.testng.reporters.JUnitXMLReporter -->
<testsuite ignored="0" hostname="Dell-PC" failures="0" tests="6" name="ChromeTest" time="14.609" errors="0" timestamp="2022-07-12T10:49:34 IST">
  <testcase classname="tests.validate" name="test1" time="0.006"/>
  <testcase classname="tests.VerifyHeadersOfApplication" name="toVerifyTimeTrackTab" time="3.221"/>
  <testcase classname="tests.VerifyHeadersOfApplication" name="toVerifyTaskTab" time="0.815"/>
  <testcase classname="tests.VerifyHeadersOfApplication" name="toVerifyReportsTab" time="0.728"/>
  <testcase classname="tests.VerifyHeadersOfApplication" name="toVerifyUsersTab" time="1.909"/>
  <testcase classname="tests.VerifyHeadersOfApplication" name="toVerifyWorkSchedule" time="0.684"/>
</testsuite> <!-- ChromeTest -->
