<?xml version="1.0" encoding="UTF-8"?>
<!-- Generated by org.testng.reporters.JUnitXMLReporter -->
<testsuite ignored="0" hostname="Dell-PC" failures="0" tests="6" name="FirefoxTest" time="16.02" errors="0" timestamp="2022-07-12T10:49:50 IST">
  <testcase classname="tests.validate" name="test1" time="0.002"/>
  <testcase classname="tests.VerifyHeadersOfApplication" name="toVerifyTimeTrackTab" time="0.228"/>
  <testcase classname="tests.VerifyHeadersOfApplication" name="toVerifyTaskTab" time="0.792"/>
  <testcase classname="tests.VerifyHeadersOfApplication" name="toVerifyReportsTab" time="0.387"/>
  <testcase classname="tests.VerifyHeadersOfApplication" name="toVerifyUsersTab" time="0.965"/>
  <testcase classname="tests.VerifyHeadersOfApplication" name="toVerifyWorkSchedule" time="0.205"/>
</testsuite> <!-- FirefoxTest -->
