<?xml version="1.0" encoding="UTF-8"?>
<!-- Generated by org.testng.reporters.JUnitXMLReporter -->
<testsuite ignored="0" hostname="Dell-PC" failures="0" tests="6" name="MSEdgeTest" time="17.014" errors="0" timestamp="2022-07-12T10:50:07 IST">
  <testcase classname="tests.validate" name="test1" time="0.0"/>
  <testcase classname="tests.VerifyHeadersOfApplication" name="toVerifyTimeTrackTab" time="1.736"/>
  <testcase classname="tests.VerifyHeadersOfApplication" name="toVerifyTaskTab" time="1.715"/>
  <testcase classname="tests.VerifyHeadersOfApplication" name="toVerifyReportsTab" time="0.852"/>
  <testcase classname="tests.VerifyHeadersOfApplication" name="toVerifyUsersTab" time="4.867"/>
  <testcase classname="tests.VerifyHeadersOfApplication" name="toVerifyWorkSchedule" time="0.801"/>
</testsuite> <!-- MSEdgeTest -->
