<?xml version="1.0" encoding="UTF-8"?>
<!-- Generated by org.testng.reporters.JUnitXMLReporter -->
<testsuite ignored="0" hostname="Dell-PC" failures="0" tests="6" name="OperaTest" time="0.038" errors="0" timestamp="2022-07-12T10:50:07 IST">
  <testcase classname="tests.VerifyHeadersOfApplication" name="@BeforeTest launchBrowser" time="0.0">
    <failure type="java.lang.NullPointerException" message="Cannot invoke &amp;quot;org.openqa.selenium.WebDriver.manage()&amp;quot; because &amp;quot;this.driver&amp;quot; is null">
      <![CDATA[java.lang.NullPointerException: Cannot invoke "org.openqa.selenium.WebDriver.manage()" because "this.driver" is null
at tests.VerifyHeadersOfApplication.launchBrowser(VerifyHeadersOfApplication.java:55)
... Removed 24 stack frames]]>
    </failure>
  </testcase> <!-- @BeforeTest launchBrowser -->
  <testcase classname="tests.validate" name="@BeforeClass beforeClass" time="-1.65760320792E9">
    <skipped/>
  </testcase> <!-- @BeforeClass beforeClass -->
  <testcase classname="tests.validate" name="@BeforeMethod beforeMethod" time="-1.657603207921E9">
    <skipped/>
  </testcase> <!-- @BeforeMethod beforeMethod -->
  <testcase classname="tests.validate" name="@AfterMethod afterMethod" time="-1.657603207925E9">
    <skipped/>
  </testcase> <!-- @AfterMethod afterMethod -->
  <testcase classname="tests.validate" name="@AfterClass afterClass" time="-1.657603207926E9">
    <skipped/>
  </testcase> <!-- @AfterClass afterClass -->
  <testcase classname="tests.VerifyHeadersOfApplication" name="@BeforeClass createPOMObjects" time="-1.657603207927E9">
    <skipped/>
  </testcase> <!-- @BeforeClass createPOMObjects -->
  <testcase classname="tests.VerifyHeadersOfApplication" name="@BeforeMethod loginToApplication" time="-1.657603207929E9">
    <skipped/>
  </testcase> <!-- @BeforeMethod loginToApplication -->
  <testcase classname="tests.VerifyHeadersOfApplication" name="@AfterMethod logoutFromApplication" time="-1.657603207931E9">
    <skipped/>
  </testcase> <!-- @AfterMethod logoutFromApplication -->
  <testcase classname="tests.VerifyHeadersOfApplication" name="@BeforeMethod loginToApplication" time="-1.657603207932E9">
    <skipped/>
  </testcase> <!-- @BeforeMethod loginToApplication -->
  <testcase classname="tests.VerifyHeadersOfApplication" name="@AfterMethod logoutFromApplication" time="-1.657603207935E9">
    <skipped/>
  </testcase> <!-- @AfterMethod logoutFromApplication -->
  <testcase classname="tests.VerifyHeadersOfApplication" name="@BeforeMethod loginToApplication" time="-1.657603207937E9">
    <skipped/>
  </testcase> <!-- @BeforeMethod loginToApplication -->
  <testcase classname="tests.VerifyHeadersOfApplication" name="@AfterMethod logoutFromApplication" time="-1.657603207941E9">
    <skipped/>
  </testcase> <!-- @AfterMethod logoutFromApplication -->
  <testcase classname="tests.VerifyHeadersOfApplication" name="@BeforeMethod loginToApplication" time="-1.657603207942E9">
    <skipped/>
  </testcase> <!-- @BeforeMethod loginToApplication -->
  <testcase classname="tests.VerifyHeadersOfApplication" name="@AfterMethod logoutFromApplication" time="-1.657603207944E9">
    <skipped/>
  </testcase> <!-- @AfterMethod logoutFromApplication -->
  <testcase classname="tests.VerifyHeadersOfApplication" name="@BeforeMethod loginToApplication" time="-1.657603207946E9">
    <skipped/>
  </testcase> <!-- @BeforeMethod loginToApplication -->
  <testcase classname="tests.VerifyHeadersOfApplication" name="@AfterMethod logoutFromApplication" time="-1.657603207948E9">
    <skipped/>
  </testcase> <!-- @AfterMethod logoutFromApplication -->
  <testcase classname="tests.VerifyHeadersOfApplication" name="@AfterClass clearPOMObjects" time="-1.65760320795E9">
    <skipped/>
  </testcase> <!-- @AfterClass clearPOMObjects -->
  <testcase classname="tests.VerifyHeadersOfApplication" name="@AfterTest closeBrowser" time="-1.657603207951E9">
    <skipped/>
  </testcase> <!-- @AfterTest closeBrowser -->
  <testcase classname="tests.validate" name="test1" time="0.0">
    <skipped/>
  </testcase> <!-- test1 -->
  <testcase classname="tests.VerifyHeadersOfApplication" name="toVerifyTimeTrackTab" time="0.0">
    <skipped/>
  </testcase> <!-- toVerifyTimeTrackTab -->
  <testcase classname="tests.VerifyHeadersOfApplication" name="toVerifyTaskTab" time="0.0">
    <skipped/>
  </testcase> <!-- toVerifyTaskTab -->
  <testcase classname="tests.VerifyHeadersOfApplication" name="toVerifyReportsTab" time="0.0">
    <skipped/>
  </testcase> <!-- toVerifyReportsTab -->
  <testcase classname="tests.VerifyHeadersOfApplication" name="toVerifyUsersTab" time="0.0">
    <skipped/>
  </testcase> <!-- toVerifyUsersTab -->
  <testcase classname="tests.VerifyHeadersOfApplication" name="toVerifyWorkSchedule" time="0.0">
    <skipped/>
  </testcase> <!-- toVerifyWorkSchedule -->
</testsuite> <!-- OperaTest -->
