<?xml version="1.0" encoding="UTF-8"?>
<!-- Generated by org.testng.reporters.JUnitXMLReporter -->
<testsuite ignored="0" hostname="Dell-PC" failures="1" tests="6" name="ChromeTest" time="18.45" errors="0" timestamp="2022-07-13T14:49:03 IST">
  <testcase classname="tests.validate" name="test1" time="0.006"/>
  <testcase classname="tests.VerifyHeadersOfApplication" name="toVerifyTimeTrackTab" time="4.063">
    <failure type="java.lang.AssertionError" message="Time-Track Page Title does not match expected [actiTIME - Enter Time-Trac] but found [actiTIME - Enter Time-Track]">
      <![CDATA[java.lang.AssertionError: Time-Track Page Title does not match expected [actiTIME - Enter Time-Trac] but found [actiTIME - Enter Time-Track]
at tests.VerifyHeadersOfApplication.toVerifyTimeTrackTab(VerifyHeadersOfApplication.java:92)
at java.base/java.util.ArrayList.forEach(ArrayList.java:1511)
... Removed 32 stack frames]]>
    </failure>
  </testcase> <!-- toVerifyTimeTrackTab -->
  <testcase classname="tests.VerifyHeadersOfApplication" name="toVerifyTaskTab" time="2.076"/>
  <testcase classname="tests.VerifyHeadersOfApplication" name="toVerifyReportsTab" time="0.696"/>
  <testcase classname="tests.VerifyHeadersOfApplication" name="toVerifyUsersTab" time="4.103"/>
  <testcase classname="tests.VerifyHeadersOfApplication" name="toVerifyWorkSchedule" time="0.595"/>
</testsuite> <!-- ChromeTest -->
