<?xml version="1.0" encoding="UTF-8"?>
<!-- Generated by org.testng.reporters.JUnitXMLReporter -->
<testsuite ignored="0" hostname="Dell-PC" failures="0" tests="6" name="IETest" time="340.95" errors="0" timestamp="2022-07-12T10:55:48 IST">
  <testcase classname="tests.validate" name="test1" time="0.001"/>
  <testcase classname="tests.VerifyHeadersOfApplication" name="toVerifyTimeTrackTab" time="0.871"/>
  <testcase classname="tests.VerifyHeadersOfApplication" name="toVerifyTaskTab" time="1.438"/>
  <testcase classname="tests.VerifyHeadersOfApplication" name="toVerifyReportsTab" time="1.201"/>
  <testcase classname="tests.VerifyHeadersOfApplication" name="toVerifyUsersTab" time="3.061"/>
  <testcase classname="tests.VerifyHeadersOfApplication" name="toVerifyWorkSchedule" time="1.635"/>
</testsuite> <!-- IETest -->
