<?xml version="1.0" encoding="UTF-8"?>
<!-- Generated by org.testng.reporters.JUnitXMLReporter -->
<testsuite ignored="0" hostname="Dell-PC" failures="0" tests="5" name="Default test" time="17.413" errors="0" timestamp="2022-07-07T20:55:30 IST">
  <testcase classname="tests.VerifyHeadersOfApplication" name="toVerifyTimeTrackTab" time="2.156"/>
  <testcase classname="tests.VerifyHeadersOfApplication" name="toVerifyTaskTab" time="1.908"/>
  <testcase classname="tests.VerifyHeadersOfApplication" name="toVerifyReportsTab" time="0.681"/>
  <testcase classname="tests.VerifyHeadersOfApplication" name="toVerifyUsersTab" time="4.75"/>
  <testcase classname="tests.VerifyHeadersOfApplication" name="toVerifyWorkSchedule" time="0.454"/>
</testsuite> <!-- Default test -->
