<?xml version="1.0" encoding="UTF-8"?>
<testng-results ignored="0" total="1" passed="1" failed="0" skipped="0">
  <reporter-output>
  </reporter-output>
  <suite started-at="2022-03-17T00:04:46 IST" name="Default suite" finished-at="2022-03-17T00:04:46 IST" duration-ms="76">
    <groups>
    </groups>
    <test started-at="2022-03-17T00:04:46 IST" name="Default test" finished-at="2022-03-17T00:04:46 IST" duration-ms="76">
      <class name="tests.validate">
        <test-method is-config="true" signature="beforeClass()[pri:0, instance:tests.validate@e056f20]" started-at="2022-03-17T00:04:46 IST" name="beforeClass" finished-at="2022-03-17T00:04:46 IST" duration-ms="25" status="PASS">
          <reporter-output>
          </reporter-output>
        </test-method> <!-- beforeClass -->
        <test-method is-config="true" signature="beforeMethod()[pri:0, instance:tests.validate@e056f20]" started-at="2022-03-17T00:04:46 IST" name="beforeMethod" finished-at="2022-03-17T00:04:46 IST" duration-ms="0" status="PASS">
          <reporter-output>
          </reporter-output>
        </test-method> <!-- beforeMethod -->
        <test-method signature="test1()[pri:0, instance:tests.validate@e056f20]" started-at="2022-03-17T00:04:46 IST" name="test1" finished-at="2022-03-17T00:04:46 IST" duration-ms="7" status="PASS">
          <reporter-output>
          </reporter-output>
        </test-method> <!-- test1 -->
        <test-method is-config="true" signature="afterMethod()[pri:0, instance:tests.validate@e056f20]" started-at="2022-03-17T00:04:46 IST" name="afterMethod" finished-at="2022-03-17T00:04:46 IST" duration-ms="0" status="PASS">
          <reporter-output>
          </reporter-output>
        </test-method> <!-- afterMethod -->
        <test-method is-config="true" signature="afterClass()[pri:0, instance:tests.validate@e056f20]" started-at="2022-03-17T00:04:46 IST" name="afterClass" finished-at="2022-03-17T00:04:46 IST" duration-ms="0" status="PASS">
          <reporter-output>
          </reporter-output>
        </test-method> <!-- afterClass -->
      </class> <!-- tests.validate -->
    </test> <!-- Default test -->
  </suite> <!-- Default suite -->
</testng-results>
