<?xml version="1.0" encoding="UTF-8"?>
<testng-results ignored="0" total="30" passed="24" failed="0" skipped="6">
  <reporter-output>
  </reporter-output>
  <suite started-at="2022-07-12T10:49:20 IST" name="Suite" finished-at="2022-07-12T10:55:48 IST" duration-ms="388682">
    <groups>
    </groups>
    <test started-at="2022-07-12T10:49:20 IST" name="ChromeTest" finished-at="2022-07-12T10:49:34 IST" duration-ms="14609">
      <class name="tests.validate">
        <test-method is-config="true" signature="beforeClass()[pri:0, instance:tests.validate@27ce24aa]" started-at="2022-07-12T10:49:22 IST" name="beforeClass" finished-at="2022-07-12T10:49:22 IST" duration-ms="1" status="PASS">
          <reporter-output>
          </reporter-output>
        </test-method> <!-- beforeClass -->
        <test-method is-config="true" signature="beforeMethod()[pri:0, instance:tests.validate@27ce24aa]" started-at="2022-07-12T10:49:22 IST" name="beforeMethod" finished-at="2022-07-12T10:49:22 IST" duration-ms="1" status="PASS">
          <reporter-output>
          </reporter-output>
        </test-method> <!-- beforeMethod -->
        <test-method signature="test1()[pri:0, instance:tests.validate@27ce24aa]" started-at="2022-07-12T10:49:22 IST" name="test1" finished-at="2022-07-12T10:49:22 IST" duration-ms="6" status="PASS">
          <reporter-output>
          </reporter-output>
        </test-method> <!-- test1 -->
        <test-method is-config="true" signature="afterMethod()[pri:0, instance:tests.validate@27ce24aa]" started-at="2022-07-12T10:49:22 IST" name="afterMethod" finished-at="2022-07-12T10:49:22 IST" duration-ms="1" status="PASS">
          <reporter-output>
          </reporter-output>
        </test-method> <!-- afterMethod -->
        <test-method is-config="true" signature="afterClass()[pri:0, instance:tests.validate@27ce24aa]" started-at="2022-07-12T10:49:22 IST" name="afterClass" finished-at="2022-07-12T10:49:22 IST" duration-ms="0" status="PASS">
          <reporter-output>
          </reporter-output>
        </test-method> <!-- afterClass -->
      </class> <!-- tests.validate -->
      <class name="tests.VerifyHeadersOfApplication">
        <test-method is-config="true" signature="launchBrowser(java.lang.String)[pri:0, instance:tests.VerifyHeadersOfApplication@35ef1869]" started-at="2022-07-12T10:49:20 IST" name="launchBrowser" finished-at="2022-07-12T10:49:22 IST" duration-ms="2260" status="PASS">
          <params>
            <param index="0">
              <value>
                <![CDATA[Chrome]]>
              </value>
            </param>
          </params>
          <reporter-output>
          </reporter-output>
        </test-method> <!-- launchBrowser -->
        <test-method is-config="true" signature="createPOMObjects()[pri:0, instance:tests.VerifyHeadersOfApplication@35ef1869]" started-at="2022-07-12T10:49:22 IST" name="createPOMObjects" finished-at="2022-07-12T10:49:22 IST" duration-ms="29" status="PASS">
          <reporter-output>
          </reporter-output>
        </test-method> <!-- createPOMObjects -->
        <test-method is-config="true" signature="loginToApplication()[pri:0, instance:tests.VerifyHeadersOfApplication@35ef1869]" started-at="2022-07-12T10:49:22 IST" name="loginToApplication" finished-at="2022-07-12T10:49:24 IST" duration-ms="2395" status="PASS">
          <reporter-output>
          </reporter-output>
        </test-method> <!-- loginToApplication -->
        <test-method signature="toVerifyTimeTrackTab()[pri:1, instance:tests.VerifyHeadersOfApplication@35ef1869]" started-at="2022-07-12T10:49:24 IST" name="toVerifyTimeTrackTab" finished-at="2022-07-12T10:49:28 IST" duration-ms="3221" status="PASS">
          <reporter-output>
          </reporter-output>
        </test-method> <!-- toVerifyTimeTrackTab -->
        <test-method is-config="true" signature="logoutFromApplication()[pri:0, instance:tests.VerifyHeadersOfApplication@35ef1869]" started-at="2022-07-12T10:49:28 IST" name="logoutFromApplication" finished-at="2022-07-12T10:49:28 IST" duration-ms="135" status="PASS">
          <reporter-output>
          </reporter-output>
        </test-method> <!-- logoutFromApplication -->
        <test-method is-config="true" signature="loginToApplication()[pri:0, instance:tests.VerifyHeadersOfApplication@35ef1869]" started-at="2022-07-12T10:49:28 IST" name="loginToApplication" finished-at="2022-07-12T10:49:28 IST" duration-ms="282" status="PASS">
          <reporter-output>
          </reporter-output>
        </test-method> <!-- loginToApplication -->
        <test-method signature="toVerifyTaskTab()[pri:2, instance:tests.VerifyHeadersOfApplication@35ef1869]" started-at="2022-07-12T10:49:28 IST" name="toVerifyTaskTab" finished-at="2022-07-12T10:49:29 IST" duration-ms="815" status="PASS">
          <reporter-output>
          </reporter-output>
        </test-method> <!-- toVerifyTaskTab -->
        <test-method is-config="true" signature="logoutFromApplication()[pri:0, instance:tests.VerifyHeadersOfApplication@35ef1869]" started-at="2022-07-12T10:49:29 IST" name="logoutFromApplication" finished-at="2022-07-12T10:49:29 IST" duration-ms="305" status="PASS">
          <reporter-output>
          </reporter-output>
        </test-method> <!-- logoutFromApplication -->
        <test-method is-config="true" signature="loginToApplication()[pri:0, instance:tests.VerifyHeadersOfApplication@35ef1869]" started-at="2022-07-12T10:49:29 IST" name="loginToApplication" finished-at="2022-07-12T10:49:30 IST" duration-ms="295" status="PASS">
          <reporter-output>
          </reporter-output>
        </test-method> <!-- loginToApplication -->
        <test-method signature="toVerifyReportsTab()[pri:3, instance:tests.VerifyHeadersOfApplication@35ef1869]" started-at="2022-07-12T10:49:30 IST" name="toVerifyReportsTab" finished-at="2022-07-12T10:49:30 IST" duration-ms="728" status="PASS">
          <reporter-output>
          </reporter-output>
        </test-method> <!-- toVerifyReportsTab -->
        <test-method is-config="true" signature="logoutFromApplication()[pri:0, instance:tests.VerifyHeadersOfApplication@35ef1869]" started-at="2022-07-12T10:49:30 IST" name="logoutFromApplication" finished-at="2022-07-12T10:49:31 IST" duration-ms="400" status="PASS">
          <reporter-output>
          </reporter-output>
        </test-method> <!-- logoutFromApplication -->
        <test-method is-config="true" signature="loginToApplication()[pri:0, instance:tests.VerifyHeadersOfApplication@35ef1869]" started-at="2022-07-12T10:49:31 IST" name="loginToApplication" finished-at="2022-07-12T10:49:31 IST" duration-ms="282" status="PASS">
          <reporter-output>
          </reporter-output>
        </test-method> <!-- loginToApplication -->
        <test-method signature="toVerifyUsersTab()[pri:4, instance:tests.VerifyHeadersOfApplication@35ef1869]" started-at="2022-07-12T10:49:31 IST" name="toVerifyUsersTab" finished-at="2022-07-12T10:49:33 IST" duration-ms="1909" status="PASS">
          <reporter-output>
          </reporter-output>
        </test-method> <!-- toVerifyUsersTab -->
        <test-method is-config="true" signature="logoutFromApplication()[pri:0, instance:tests.VerifyHeadersOfApplication@35ef1869]" started-at="2022-07-12T10:49:33 IST" name="logoutFromApplication" finished-at="2022-07-12T10:49:33 IST" duration-ms="124" status="PASS">
          <reporter-output>
          </reporter-output>
        </test-method> <!-- logoutFromApplication -->
        <test-method is-config="true" signature="loginToApplication()[pri:0, instance:tests.VerifyHeadersOfApplication@35ef1869]" started-at="2022-07-12T10:49:33 IST" name="loginToApplication" finished-at="2022-07-12T10:49:33 IST" duration-ms="291" status="PASS">
          <reporter-output>
          </reporter-output>
        </test-method> <!-- loginToApplication -->
        <test-method signature="toVerifyWorkSchedule()[pri:5, instance:tests.VerifyHeadersOfApplication@35ef1869]" started-at="2022-07-12T10:49:33 IST" name="toVerifyWorkSchedule" finished-at="2022-07-12T10:49:34 IST" duration-ms="684" status="PASS">
          <reporter-output>
          </reporter-output>
        </test-method> <!-- toVerifyWorkSchedule -->
        <test-method is-config="true" signature="logoutFromApplication()[pri:0, instance:tests.VerifyHeadersOfApplication@35ef1869]" started-at="2022-07-12T10:49:34 IST" name="logoutFromApplication" finished-at="2022-07-12T10:49:34 IST" duration-ms="132" status="PASS">
          <reporter-output>
          </reporter-output>
        </test-method> <!-- logoutFromApplication -->
        <test-method is-config="true" signature="clearPOMObjects()[pri:0, instance:tests.VerifyHeadersOfApplication@35ef1869]" started-at="2022-07-12T10:49:34 IST" name="clearPOMObjects" finished-at="2022-07-12T10:49:34 IST" duration-ms="1" status="PASS">
          <reporter-output>
          </reporter-output>
        </test-method> <!-- clearPOMObjects -->
        <test-method is-config="true" signature="closeBrowser()[pri:0, instance:tests.VerifyHeadersOfApplication@35ef1869]" started-at="2022-07-12T10:49:34 IST" name="closeBrowser" finished-at="2022-07-12T10:49:34 IST" duration-ms="249" status="PASS">
          <reporter-output>
          </reporter-output>
        </test-method> <!-- closeBrowser -->
      </class> <!-- tests.VerifyHeadersOfApplication -->
    </test> <!-- ChromeTest -->
    <test started-at="2022-07-12T10:49:34 IST" name="FirefoxTest" finished-at="2022-07-12T10:49:50 IST" duration-ms="16020">
      <class name="tests.validate">
        <test-method is-config="true" signature="beforeClass()[pri:0, instance:tests.validate@323b36e0]" started-at="2022-07-12T10:49:40 IST" name="beforeClass" finished-at="2022-07-12T10:49:40 IST" duration-ms="1" status="PASS">
          <reporter-output>
          </reporter-output>
        </test-method> <!-- beforeClass -->
        <test-method is-config="true" signature="beforeMethod()[pri:0, instance:tests.validate@323b36e0]" started-at="2022-07-12T10:49:40 IST" name="beforeMethod" finished-at="2022-07-12T10:49:40 IST" duration-ms="0" status="PASS">
          <reporter-output>
          </reporter-output>
        </test-method> <!-- beforeMethod -->
        <test-method signature="test1()[pri:0, instance:tests.validate@323b36e0]" started-at="2022-07-12T10:49:40 IST" name="test1" finished-at="2022-07-12T10:49:40 IST" duration-ms="2" status="PASS">
          <reporter-output>
          </reporter-output>
        </test-method> <!-- test1 -->
        <test-method is-config="true" signature="afterMethod()[pri:0, instance:tests.validate@323b36e0]" started-at="2022-07-12T10:49:40 IST" name="afterMethod" finished-at="2022-07-12T10:49:40 IST" duration-ms="1" status="PASS">
          <reporter-output>
          </reporter-output>
        </test-method> <!-- afterMethod -->
        <test-method is-config="true" signature="afterClass()[pri:0, instance:tests.validate@323b36e0]" started-at="2022-07-12T10:49:40 IST" name="afterClass" finished-at="2022-07-12T10:49:40 IST" duration-ms="0" status="PASS">
          <reporter-output>
          </reporter-output>
        </test-method> <!-- afterClass -->
      </class> <!-- tests.validate -->
      <class name="tests.VerifyHeadersOfApplication">
        <test-method is-config="true" signature="launchBrowser(java.lang.String)[pri:0, instance:tests.VerifyHeadersOfApplication@2e005c4b]" started-at="2022-07-12T10:49:34 IST" name="launchBrowser" finished-at="2022-07-12T10:49:40 IST" duration-ms="5348" status="PASS">
          <params>
            <param index="0">
              <value>
                <![CDATA[Firefox]]>
              </value>
            </param>
          </params>
          <reporter-output>
          </reporter-output>
        </test-method> <!-- launchBrowser -->
        <test-method is-config="true" signature="createPOMObjects()[pri:0, instance:tests.VerifyHeadersOfApplication@2e005c4b]" started-at="2022-07-12T10:49:40 IST" name="createPOMObjects" finished-at="2022-07-12T10:49:40 IST" duration-ms="2" status="PASS">
          <reporter-output>
          </reporter-output>
        </test-method> <!-- createPOMObjects -->
        <test-method is-config="true" signature="loginToApplication()[pri:0, instance:tests.VerifyHeadersOfApplication@2e005c4b]" started-at="2022-07-12T10:49:40 IST" name="loginToApplication" finished-at="2022-07-12T10:49:41 IST" duration-ms="1707" status="PASS">
          <reporter-output>
          </reporter-output>
        </test-method> <!-- loginToApplication -->
        <test-method signature="toVerifyTimeTrackTab()[pri:1, instance:tests.VerifyHeadersOfApplication@2e005c4b]" started-at="2022-07-12T10:49:41 IST" name="toVerifyTimeTrackTab" finished-at="2022-07-12T10:49:42 IST" duration-ms="228" status="PASS">
          <reporter-output>
          </reporter-output>
        </test-method> <!-- toVerifyTimeTrackTab -->
        <test-method is-config="true" signature="logoutFromApplication()[pri:0, instance:tests.VerifyHeadersOfApplication@2e005c4b]" started-at="2022-07-12T10:49:42 IST" name="logoutFromApplication" finished-at="2022-07-12T10:49:42 IST" duration-ms="193" status="PASS">
          <reporter-output>
          </reporter-output>
        </test-method> <!-- logoutFromApplication -->
        <test-method is-config="true" signature="loginToApplication()[pri:0, instance:tests.VerifyHeadersOfApplication@2e005c4b]" started-at="2022-07-12T10:49:42 IST" name="loginToApplication" finished-at="2022-07-12T10:49:43 IST" duration-ms="1016" status="PASS">
          <reporter-output>
          </reporter-output>
        </test-method> <!-- loginToApplication -->
        <test-method signature="toVerifyTaskTab()[pri:2, instance:tests.VerifyHeadersOfApplication@2e005c4b]" started-at="2022-07-12T10:49:43 IST" name="toVerifyTaskTab" finished-at="2022-07-12T10:49:44 IST" duration-ms="792" status="PASS">
          <reporter-output>
          </reporter-output>
        </test-method> <!-- toVerifyTaskTab -->
        <test-method is-config="true" signature="logoutFromApplication()[pri:0, instance:tests.VerifyHeadersOfApplication@2e005c4b]" started-at="2022-07-12T10:49:44 IST" name="logoutFromApplication" finished-at="2022-07-12T10:49:44 IST" duration-ms="125" status="PASS">
          <reporter-output>
          </reporter-output>
        </test-method> <!-- logoutFromApplication -->
        <test-method is-config="true" signature="loginToApplication()[pri:0, instance:tests.VerifyHeadersOfApplication@2e005c4b]" started-at="2022-07-12T10:49:44 IST" name="loginToApplication" finished-at="2022-07-12T10:49:45 IST" duration-ms="863" status="PASS">
          <reporter-output>
          </reporter-output>
        </test-method> <!-- loginToApplication -->
        <test-method signature="toVerifyReportsTab()[pri:3, instance:tests.VerifyHeadersOfApplication@2e005c4b]" started-at="2022-07-12T10:49:45 IST" name="toVerifyReportsTab" finished-at="2022-07-12T10:49:45 IST" duration-ms="387" status="PASS">
          <reporter-output>
          </reporter-output>
        </test-method> <!-- toVerifyReportsTab -->
        <test-method is-config="true" signature="logoutFromApplication()[pri:0, instance:tests.VerifyHeadersOfApplication@2e005c4b]" started-at="2022-07-12T10:49:45 IST" name="logoutFromApplication" finished-at="2022-07-12T10:49:45 IST" duration-ms="142" status="PASS">
          <reporter-output>
          </reporter-output>
        </test-method> <!-- logoutFromApplication -->
        <test-method is-config="true" signature="loginToApplication()[pri:0, instance:tests.VerifyHeadersOfApplication@2e005c4b]" started-at="2022-07-12T10:49:45 IST" name="loginToApplication" finished-at="2022-07-12T10:49:46 IST" duration-ms="850" status="PASS">
          <reporter-output>
          </reporter-output>
        </test-method> <!-- loginToApplication -->
        <test-method signature="toVerifyUsersTab()[pri:4, instance:tests.VerifyHeadersOfApplication@2e005c4b]" started-at="2022-07-12T10:49:46 IST" name="toVerifyUsersTab" finished-at="2022-07-12T10:49:47 IST" duration-ms="965" status="PASS">
          <reporter-output>
          </reporter-output>
        </test-method> <!-- toVerifyUsersTab -->
        <test-method is-config="true" signature="logoutFromApplication()[pri:0, instance:tests.VerifyHeadersOfApplication@2e005c4b]" started-at="2022-07-12T10:49:47 IST" name="logoutFromApplication" finished-at="2022-07-12T10:49:47 IST" duration-ms="125" status="PASS">
          <reporter-output>
          </reporter-output>
        </test-method> <!-- logoutFromApplication -->
        <test-method is-config="true" signature="loginToApplication()[pri:0, instance:tests.VerifyHeadersOfApplication@2e005c4b]" started-at="2022-07-12T10:49:47 IST" name="loginToApplication" finished-at="2022-07-12T10:49:48 IST" duration-ms="833" status="PASS">
          <reporter-output>
          </reporter-output>
        </test-method> <!-- loginToApplication -->
        <test-method signature="toVerifyWorkSchedule()[pri:5, instance:tests.VerifyHeadersOfApplication@2e005c4b]" started-at="2022-07-12T10:49:48 IST" name="toVerifyWorkSchedule" finished-at="2022-07-12T10:49:48 IST" duration-ms="205" status="PASS">
          <reporter-output>
          </reporter-output>
        </test-method> <!-- toVerifyWorkSchedule -->
        <test-method is-config="true" signature="logoutFromApplication()[pri:0, instance:tests.VerifyHeadersOfApplication@2e005c4b]" started-at="2022-07-12T10:49:48 IST" name="logoutFromApplication" finished-at="2022-07-12T10:49:48 IST" duration-ms="131" status="PASS">
          <reporter-output>
          </reporter-output>
        </test-method> <!-- logoutFromApplication -->
        <test-method is-config="true" signature="closeBrowser()[pri:0, instance:tests.VerifyHeadersOfApplication@2e005c4b]" started-at="2022-07-12T10:49:48 IST" name="closeBrowser" finished-at="2022-07-12T10:49:50 IST" duration-ms="2091" status="PASS">
          <reporter-output>
          </reporter-output>
        </test-method> <!-- closeBrowser -->
        <test-method is-config="true" signature="clearPOMObjects()[pri:0, instance:tests.VerifyHeadersOfApplication@2e005c4b]" started-at="2022-07-12T10:49:48 IST" name="clearPOMObjects" finished-at="2022-07-12T10:49:48 IST" duration-ms="0" status="PASS">
          <reporter-output>
          </reporter-output>
        </test-method> <!-- clearPOMObjects -->
      </class> <!-- tests.VerifyHeadersOfApplication -->
    </test> <!-- FirefoxTest -->
    <test started-at="2022-07-12T10:49:50 IST" name="MSEdgeTest" finished-at="2022-07-12T10:50:07 IST" duration-ms="17014">
      <class name="tests.validate">
        <test-method is-config="true" signature="beforeClass()[pri:0, instance:tests.validate@359f7cdf]" started-at="2022-07-12T10:49:52 IST" name="beforeClass" finished-at="2022-07-12T10:49:52 IST" duration-ms="0" status="PASS">
          <reporter-output>
          </reporter-output>
        </test-method> <!-- beforeClass -->
        <test-method is-config="true" signature="beforeMethod()[pri:0, instance:tests.validate@359f7cdf]" started-at="2022-07-12T10:49:52 IST" name="beforeMethod" finished-at="2022-07-12T10:49:52 IST" duration-ms="0" status="PASS">
          <reporter-output>
          </reporter-output>
        </test-method> <!-- beforeMethod -->
        <test-method signature="test1()[pri:0, instance:tests.validate@359f7cdf]" started-at="2022-07-12T10:49:52 IST" name="test1" finished-at="2022-07-12T10:49:52 IST" duration-ms="0" status="PASS">
          <reporter-output>
          </reporter-output>
        </test-method> <!-- test1 -->
        <test-method is-config="true" signature="afterMethod()[pri:0, instance:tests.validate@359f7cdf]" started-at="2022-07-12T10:49:52 IST" name="afterMethod" finished-at="2022-07-12T10:49:52 IST" duration-ms="1" status="PASS">
          <reporter-output>
          </reporter-output>
        </test-method> <!-- afterMethod -->
        <test-method is-config="true" signature="afterClass()[pri:0, instance:tests.validate@359f7cdf]" started-at="2022-07-12T10:49:52 IST" name="afterClass" finished-at="2022-07-12T10:49:52 IST" duration-ms="0" status="PASS">
          <reporter-output>
          </reporter-output>
        </test-method> <!-- afterClass -->
      </class> <!-- tests.validate -->
      <class name="tests.VerifyHeadersOfApplication">
        <test-method is-config="true" signature="launchBrowser(java.lang.String)[pri:0, instance:tests.VerifyHeadersOfApplication@1fa268de]" started-at="2022-07-12T10:49:50 IST" name="launchBrowser" finished-at="2022-07-12T10:49:52 IST" duration-ms="1269" status="PASS">
          <params>
            <param index="0">
              <value>
                <![CDATA[Edge]]>
              </value>
            </param>
          </params>
          <reporter-output>
          </reporter-output>
        </test-method> <!-- launchBrowser -->
        <test-method is-config="true" signature="createPOMObjects()[pri:0, instance:tests.VerifyHeadersOfApplication@1fa268de]" started-at="2022-07-12T10:49:52 IST" name="createPOMObjects" finished-at="2022-07-12T10:49:52 IST" duration-ms="2" status="PASS">
          <reporter-output>
          </reporter-output>
        </test-method> <!-- createPOMObjects -->
        <test-method is-config="true" signature="loginToApplication()[pri:0, instance:tests.VerifyHeadersOfApplication@1fa268de]" started-at="2022-07-12T10:49:52 IST" name="loginToApplication" finished-at="2022-07-12T10:49:55 IST" duration-ms="2876" status="PASS">
          <reporter-output>
          </reporter-output>
        </test-method> <!-- loginToApplication -->
        <test-method signature="toVerifyTimeTrackTab()[pri:1, instance:tests.VerifyHeadersOfApplication@1fa268de]" started-at="2022-07-12T10:49:55 IST" name="toVerifyTimeTrackTab" finished-at="2022-07-12T10:49:56 IST" duration-ms="1736" status="PASS">
          <reporter-output>
          </reporter-output>
        </test-method> <!-- toVerifyTimeTrackTab -->
        <test-method is-config="true" signature="logoutFromApplication()[pri:0, instance:tests.VerifyHeadersOfApplication@1fa268de]" started-at="2022-07-12T10:49:56 IST" name="logoutFromApplication" finished-at="2022-07-12T10:49:56 IST" duration-ms="151" status="PASS">
          <reporter-output>
          </reporter-output>
        </test-method> <!-- logoutFromApplication -->
        <test-method is-config="true" signature="loginToApplication()[pri:0, instance:tests.VerifyHeadersOfApplication@1fa268de]" started-at="2022-07-12T10:49:56 IST" name="loginToApplication" finished-at="2022-07-12T10:49:57 IST" duration-ms="289" status="PASS">
          <reporter-output>
          </reporter-output>
        </test-method> <!-- loginToApplication -->
        <test-method signature="toVerifyTaskTab()[pri:2, instance:tests.VerifyHeadersOfApplication@1fa268de]" started-at="2022-07-12T10:49:57 IST" name="toVerifyTaskTab" finished-at="2022-07-12T10:49:58 IST" duration-ms="1715" status="PASS">
          <reporter-output>
          </reporter-output>
        </test-method> <!-- toVerifyTaskTab -->
        <test-method is-config="true" signature="logoutFromApplication()[pri:0, instance:tests.VerifyHeadersOfApplication@1fa268de]" started-at="2022-07-12T10:49:58 IST" name="logoutFromApplication" finished-at="2022-07-12T10:49:59 IST" duration-ms="318" status="PASS">
          <reporter-output>
          </reporter-output>
        </test-method> <!-- logoutFromApplication -->
        <test-method is-config="true" signature="loginToApplication()[pri:0, instance:tests.VerifyHeadersOfApplication@1fa268de]" started-at="2022-07-12T10:49:59 IST" name="loginToApplication" finished-at="2022-07-12T10:49:59 IST" duration-ms="320" status="PASS">
          <reporter-output>
          </reporter-output>
        </test-method> <!-- loginToApplication -->
        <test-method signature="toVerifyReportsTab()[pri:3, instance:tests.VerifyHeadersOfApplication@1fa268de]" started-at="2022-07-12T10:49:59 IST" name="toVerifyReportsTab" finished-at="2022-07-12T10:50:00 IST" duration-ms="852" status="PASS">
          <reporter-output>
          </reporter-output>
        </test-method> <!-- toVerifyReportsTab -->
        <test-method is-config="true" signature="logoutFromApplication()[pri:0, instance:tests.VerifyHeadersOfApplication@1fa268de]" started-at="2022-07-12T10:50:00 IST" name="logoutFromApplication" finished-at="2022-07-12T10:50:00 IST" duration-ms="221" status="PASS">
          <reporter-output>
          </reporter-output>
        </test-method> <!-- logoutFromApplication -->
        <test-method is-config="true" signature="loginToApplication()[pri:0, instance:tests.VerifyHeadersOfApplication@1fa268de]" started-at="2022-07-12T10:50:00 IST" name="loginToApplication" finished-at="2022-07-12T10:50:00 IST" duration-ms="310" status="PASS">
          <reporter-output>
          </reporter-output>
        </test-method> <!-- loginToApplication -->
        <test-method signature="toVerifyUsersTab()[pri:4, instance:tests.VerifyHeadersOfApplication@1fa268de]" started-at="2022-07-12T10:50:00 IST" name="toVerifyUsersTab" finished-at="2022-07-12T10:50:05 IST" duration-ms="4867" status="PASS">
          <reporter-output>
          </reporter-output>
        </test-method> <!-- toVerifyUsersTab -->
        <test-method is-config="true" signature="logoutFromApplication()[pri:0, instance:tests.VerifyHeadersOfApplication@1fa268de]" started-at="2022-07-12T10:50:05 IST" name="logoutFromApplication" finished-at="2022-07-12T10:50:06 IST" duration-ms="479" status="PASS">
          <reporter-output>
          </reporter-output>
        </test-method> <!-- logoutFromApplication -->
        <test-method is-config="true" signature="loginToApplication()[pri:0, instance:tests.VerifyHeadersOfApplication@1fa268de]" started-at="2022-07-12T10:50:06 IST" name="loginToApplication" finished-at="2022-07-12T10:50:06 IST" duration-ms="318" status="PASS">
          <reporter-output>
          </reporter-output>
        </test-method> <!-- loginToApplication -->
        <test-method signature="toVerifyWorkSchedule()[pri:5, instance:tests.VerifyHeadersOfApplication@1fa268de]" started-at="2022-07-12T10:50:06 IST" name="toVerifyWorkSchedule" finished-at="2022-07-12T10:50:07 IST" duration-ms="801" status="PASS">
          <reporter-output>
          </reporter-output>
        </test-method> <!-- toVerifyWorkSchedule -->
        <test-method is-config="true" signature="logoutFromApplication()[pri:0, instance:tests.VerifyHeadersOfApplication@1fa268de]" started-at="2022-07-12T10:50:07 IST" name="logoutFromApplication" finished-at="2022-07-12T10:50:07 IST" duration-ms="137" status="PASS">
          <reporter-output>
          </reporter-output>
        </test-method> <!-- logoutFromApplication -->
        <test-method is-config="true" signature="clearPOMObjects()[pri:0, instance:tests.VerifyHeadersOfApplication@1fa268de]" started-at="2022-07-12T10:50:07 IST" name="clearPOMObjects" finished-at="2022-07-12T10:50:07 IST" duration-ms="1" status="PASS">
          <reporter-output>
          </reporter-output>
        </test-method> <!-- clearPOMObjects -->
        <test-method is-config="true" signature="closeBrowser()[pri:0, instance:tests.VerifyHeadersOfApplication@1fa268de]" started-at="2022-07-12T10:50:07 IST" name="closeBrowser" finished-at="2022-07-12T10:50:07 IST" duration-ms="342" status="PASS">
          <reporter-output>
          </reporter-output>
        </test-method> <!-- closeBrowser -->
      </class> <!-- tests.VerifyHeadersOfApplication -->
    </test> <!-- MSEdgeTest -->
    <test started-at="2022-07-12T10:50:07 IST" name="OperaTest" finished-at="2022-07-12T10:50:07 IST" duration-ms="38">
      <class name="tests.validate">
        <test-method is-config="true" signature="beforeClass()[pri:0, instance:tests.validate@3e58a80e]" started-at="2022-07-12T10:50:07 IST" name="beforeClass" finished-at="1970-01-01T05:30:00 IST" duration-ms="-1657603207920" status="SKIP">
          <reporter-output>
          </reporter-output>
        </test-method> <!-- beforeClass -->
        <test-method is-config="true" signature="beforeMethod()[pri:0, instance:tests.validate@3e58a80e]" started-at="2022-07-12T10:50:07 IST" name="beforeMethod" finished-at="1970-01-01T05:30:00 IST" duration-ms="-1657603207921" status="SKIP">
          <reporter-output>
          </reporter-output>
        </test-method> <!-- beforeMethod -->
        <test-method signature="test1()[pri:0, instance:tests.validate@3e58a80e]" started-at="2022-07-12T10:50:07 IST" name="test1" finished-at="2022-07-12T10:50:07 IST" duration-ms="0" status="SKIP">
          <exception class="java.lang.NullPointerException">
            <message>
              <![CDATA[Cannot invoke "org.openqa.selenium.WebDriver.manage()" because "this.driver" is null]]>
            </message>
            <full-stacktrace>
              <![CDATA[java.lang.NullPointerException: Cannot invoke "org.openqa.selenium.WebDriver.manage()" because "this.driver" is null
at tests.VerifyHeadersOfApplication.launchBrowser(VerifyHeadersOfApplication.java:55)
at java.base/jdk.internal.reflect.NativeMethodAccessorImpl.invoke0(Native Method)
at java.base/jdk.internal.reflect.NativeMethodAccessorImpl.invoke(NativeMethodAccessorImpl.java:78)
at java.base/jdk.internal.reflect.DelegatingMethodAccessorImpl.invoke(DelegatingMethodAccessorImpl.java:43)
at java.base/java.lang.reflect.Method.invoke(Method.java:567)
at org.testng.internal.MethodInvocationHelper.invokeMethod(MethodInvocationHelper.java:133)
at org.testng.internal.MethodInvocationHelper.invokeMethodConsideringTimeout(MethodInvocationHelper.java:62)
at org.testng.internal.ConfigInvoker.invokeConfigurationMethod(ConfigInvoker.java:385)
at org.testng.internal.ConfigInvoker.invokeConfigurations(ConfigInvoker.java:321)
at org.testng.TestRunner.invokeTestConfigurations(TestRunner.java:637)
at org.testng.TestRunner.beforeRun(TestRunner.java:627)
at org.testng.TestRunner.run(TestRunner.java:589)
at org.testng.SuiteRunner.runTest(SuiteRunner.java:377)
at org.testng.SuiteRunner.runSequentially(SuiteRunner.java:371)
at org.testng.SuiteRunner.privateRun(SuiteRunner.java:332)
at org.testng.SuiteRunner.run(SuiteRunner.java:276)
at org.testng.SuiteRunnerWorker.runSuite(SuiteRunnerWorker.java:53)
at org.testng.SuiteRunnerWorker.run(SuiteRunnerWorker.java:96)
at org.testng.TestNG.runSuitesSequentially(TestNG.java:1212)
at org.testng.TestNG.runSuitesLocally(TestNG.java:1134)
at org.testng.TestNG.runSuites(TestNG.java:1063)
at org.testng.TestNG.run(TestNG.java:1031)
at org.testng.remote.AbstractRemoteTestNG.run(AbstractRemoteTestNG.java:115)
at org.testng.remote.RemoteTestNG.initAndRun(RemoteTestNG.java:251)
at org.testng.remote.RemoteTestNG.main(RemoteTestNG.java:77)
]]>
            </full-stacktrace>
          </exception> <!-- java.lang.NullPointerException -->
          <reporter-output>
          </reporter-output>
        </test-method> <!-- test1 -->
        <test-method is-config="true" signature="afterMethod()[pri:0, instance:tests.validate@3e58a80e]" started-at="2022-07-12T10:50:07 IST" name="afterMethod" finished-at="1970-01-01T05:30:00 IST" duration-ms="-1657603207925" status="SKIP">
          <reporter-output>
          </reporter-output>
        </test-method> <!-- afterMethod -->
        <test-method is-config="true" signature="afterClass()[pri:0, instance:tests.validate@3e58a80e]" started-at="2022-07-12T10:50:07 IST" name="afterClass" finished-at="1970-01-01T05:30:00 IST" duration-ms="-1657603207926" status="SKIP">
          <reporter-output>
          </reporter-output>
        </test-method> <!-- afterClass -->
      </class> <!-- tests.validate -->
      <class name="tests.VerifyHeadersOfApplication">
        <test-method is-config="true" signature="launchBrowser(java.lang.String)[pri:0, instance:tests.VerifyHeadersOfApplication@4fb61f4a]" started-at="2022-07-12T10:50:07 IST" name="launchBrowser" finished-at="2022-07-12T10:50:07 IST" duration-ms="0" status="FAIL">
          <params>
            <param index="0">
              <value>
                <![CDATA[Opera]]>
              </value>
            </param>
          </params>
          <exception class="java.lang.NullPointerException">
            <message>
              <![CDATA[Cannot invoke "org.openqa.selenium.WebDriver.manage()" because "this.driver" is null]]>
            </message>
            <full-stacktrace>
              <![CDATA[java.lang.NullPointerException: Cannot invoke "org.openqa.selenium.WebDriver.manage()" because "this.driver" is null
at tests.VerifyHeadersOfApplication.launchBrowser(VerifyHeadersOfApplication.java:55)
at java.base/jdk.internal.reflect.NativeMethodAccessorImpl.invoke0(Native Method)
at java.base/jdk.internal.reflect.NativeMethodAccessorImpl.invoke(NativeMethodAccessorImpl.java:78)
at java.base/jdk.internal.reflect.DelegatingMethodAccessorImpl.invoke(DelegatingMethodAccessorImpl.java:43)
at java.base/java.lang.reflect.Method.invoke(Method.java:567)
at org.testng.internal.MethodInvocationHelper.invokeMethod(MethodInvocationHelper.java:133)
at org.testng.internal.MethodInvocationHelper.invokeMethodConsideringTimeout(MethodInvocationHelper.java:62)
at org.testng.internal.ConfigInvoker.invokeConfigurationMethod(ConfigInvoker.java:385)
at org.testng.internal.ConfigInvoker.invokeConfigurations(ConfigInvoker.java:321)
at org.testng.TestRunner.invokeTestConfigurations(TestRunner.java:637)
at org.testng.TestRunner.beforeRun(TestRunner.java:627)
at org.testng.TestRunner.run(TestRunner.java:589)
at org.testng.SuiteRunner.runTest(SuiteRunner.java:377)
at org.testng.SuiteRunner.runSequentially(SuiteRunner.java:371)
at org.testng.SuiteRunner.privateRun(SuiteRunner.java:332)
at org.testng.SuiteRunner.run(SuiteRunner.java:276)
at org.testng.SuiteRunnerWorker.runSuite(SuiteRunnerWorker.java:53)
at org.testng.SuiteRunnerWorker.run(SuiteRunnerWorker.java:96)
at org.testng.TestNG.runSuitesSequentially(TestNG.java:1212)
at org.testng.TestNG.runSuitesLocally(TestNG.java:1134)
at org.testng.TestNG.runSuites(TestNG.java:1063)
at org.testng.TestNG.run(TestNG.java:1031)
at org.testng.remote.AbstractRemoteTestNG.run(AbstractRemoteTestNG.java:115)
at org.testng.remote.RemoteTestNG.initAndRun(RemoteTestNG.java:251)
at org.testng.remote.RemoteTestNG.main(RemoteTestNG.java:77)
]]>
            </full-stacktrace>
          </exception> <!-- java.lang.NullPointerException -->
          <reporter-output>
          </reporter-output>
        </test-method> <!-- launchBrowser -->
        <test-method is-config="true" signature="createPOMObjects()[pri:0, instance:tests.VerifyHeadersOfApplication@4fb61f4a]" started-at="2022-07-12T10:50:07 IST" name="createPOMObjects" finished-at="1970-01-01T05:30:00 IST" duration-ms="-1657603207927" status="SKIP">
          <reporter-output>
          </reporter-output>
        </test-method> <!-- createPOMObjects -->
        <test-method signature="toVerifyTimeTrackTab()[pri:1, instance:tests.VerifyHeadersOfApplication@4fb61f4a]" started-at="2022-07-12T10:50:07 IST" name="toVerifyTimeTrackTab" finished-at="2022-07-12T10:50:07 IST" duration-ms="0" status="SKIP">
          <exception class="java.lang.NullPointerException">
            <message>
              <![CDATA[Cannot invoke "org.openqa.selenium.WebDriver.manage()" because "this.driver" is null]]>
            </message>
            <full-stacktrace>
              <![CDATA[java.lang.NullPointerException: Cannot invoke "org.openqa.selenium.WebDriver.manage()" because "this.driver" is null
at tests.VerifyHeadersOfApplication.launchBrowser(VerifyHeadersOfApplication.java:55)
at java.base/jdk.internal.reflect.NativeMethodAccessorImpl.invoke0(Native Method)
at java.base/jdk.internal.reflect.NativeMethodAccessorImpl.invoke(NativeMethodAccessorImpl.java:78)
at java.base/jdk.internal.reflect.DelegatingMethodAccessorImpl.invoke(DelegatingMethodAccessorImpl.java:43)
at java.base/java.lang.reflect.Method.invoke(Method.java:567)
at org.testng.internal.MethodInvocationHelper.invokeMethod(MethodInvocationHelper.java:133)
at org.testng.internal.MethodInvocationHelper.invokeMethodConsideringTimeout(MethodInvocationHelper.java:62)
at org.testng.internal.ConfigInvoker.invokeConfigurationMethod(ConfigInvoker.java:385)
at org.testng.internal.ConfigInvoker.invokeConfigurations(ConfigInvoker.java:321)
at org.testng.TestRunner.invokeTestConfigurations(TestRunner.java:637)
at org.testng.TestRunner.beforeRun(TestRunner.java:627)
at org.testng.TestRunner.run(TestRunner.java:589)
at org.testng.SuiteRunner.runTest(SuiteRunner.java:377)
at org.testng.SuiteRunner.runSequentially(SuiteRunner.java:371)
at org.testng.SuiteRunner.privateRun(SuiteRunner.java:332)
at org.testng.SuiteRunner.run(SuiteRunner.java:276)
at org.testng.SuiteRunnerWorker.runSuite(SuiteRunnerWorker.java:53)
at org.testng.SuiteRunnerWorker.run(SuiteRunnerWorker.java:96)
at org.testng.TestNG.runSuitesSequentially(TestNG.java:1212)
at org.testng.TestNG.runSuitesLocally(TestNG.java:1134)
at org.testng.TestNG.runSuites(TestNG.java:1063)
at org.testng.TestNG.run(TestNG.java:1031)
at org.testng.remote.AbstractRemoteTestNG.run(AbstractRemoteTestNG.java:115)
at org.testng.remote.RemoteTestNG.initAndRun(RemoteTestNG.java:251)
at org.testng.remote.RemoteTestNG.main(RemoteTestNG.java:77)
]]>
            </full-stacktrace>
          </exception> <!-- java.lang.NullPointerException -->
          <reporter-output>
          </reporter-output>
        </test-method> <!-- toVerifyTimeTrackTab -->
        <test-method is-config="true" signature="loginToApplication()[pri:0, instance:tests.VerifyHeadersOfApplication@4fb61f4a]" started-at="2022-07-12T10:50:07 IST" name="loginToApplication" finished-at="1970-01-01T05:30:00 IST" duration-ms="-1657603207929" status="SKIP">
          <reporter-output>
          </reporter-output>
        </test-method> <!-- loginToApplication -->
        <test-method is-config="true" signature="logoutFromApplication()[pri:0, instance:tests.VerifyHeadersOfApplication@4fb61f4a]" started-at="2022-07-12T10:50:07 IST" name="logoutFromApplication" finished-at="1970-01-01T05:30:00 IST" duration-ms="-1657603207931" status="SKIP">
          <reporter-output>
          </reporter-output>
        </test-method> <!-- logoutFromApplication -->
        <test-method is-config="true" signature="loginToApplication()[pri:0, instance:tests.VerifyHeadersOfApplication@4fb61f4a]" started-at="2022-07-12T10:50:07 IST" name="loginToApplication" finished-at="1970-01-01T05:30:00 IST" duration-ms="-1657603207932" status="SKIP">
          <reporter-output>
          </reporter-output>
        </test-method> <!-- loginToApplication -->
        <test-method signature="toVerifyTaskTab()[pri:2, instance:tests.VerifyHeadersOfApplication@4fb61f4a]" started-at="2022-07-12T10:50:07 IST" name="toVerifyTaskTab" finished-at="2022-07-12T10:50:07 IST" duration-ms="0" status="SKIP">
          <exception class="java.lang.NullPointerException">
            <message>
              <![CDATA[Cannot invoke "org.openqa.selenium.WebDriver.manage()" because "this.driver" is null]]>
            </message>
            <full-stacktrace>
              <![CDATA[java.lang.NullPointerException: Cannot invoke "org.openqa.selenium.WebDriver.manage()" because "this.driver" is null
at tests.VerifyHeadersOfApplication.launchBrowser(VerifyHeadersOfApplication.java:55)
at java.base/jdk.internal.reflect.NativeMethodAccessorImpl.invoke0(Native Method)
at java.base/jdk.internal.reflect.NativeMethodAccessorImpl.invoke(NativeMethodAccessorImpl.java:78)
at java.base/jdk.internal.reflect.DelegatingMethodAccessorImpl.invoke(DelegatingMethodAccessorImpl.java:43)
at java.base/java.lang.reflect.Method.invoke(Method.java:567)
at org.testng.internal.MethodInvocationHelper.invokeMethod(MethodInvocationHelper.java:133)
at org.testng.internal.MethodInvocationHelper.invokeMethodConsideringTimeout(MethodInvocationHelper.java:62)
at org.testng.internal.ConfigInvoker.invokeConfigurationMethod(ConfigInvoker.java:385)
at org.testng.internal.ConfigInvoker.invokeConfigurations(ConfigInvoker.java:321)
at org.testng.TestRunner.invokeTestConfigurations(TestRunner.java:637)
at org.testng.TestRunner.beforeRun(TestRunner.java:627)
at org.testng.TestRunner.run(TestRunner.java:589)
at org.testng.SuiteRunner.runTest(SuiteRunner.java:377)
at org.testng.SuiteRunner.runSequentially(SuiteRunner.java:371)
at org.testng.SuiteRunner.privateRun(SuiteRunner.java:332)
at org.testng.SuiteRunner.run(SuiteRunner.java:276)
at org.testng.SuiteRunnerWorker.runSuite(SuiteRunnerWorker.java:53)
at org.testng.SuiteRunnerWorker.run(SuiteRunnerWorker.java:96)
at org.testng.TestNG.runSuitesSequentially(TestNG.java:1212)
at org.testng.TestNG.runSuitesLocally(TestNG.java:1134)
at org.testng.TestNG.runSuites(TestNG.java:1063)
at org.testng.TestNG.run(TestNG.java:1031)
at org.testng.remote.AbstractRemoteTestNG.run(AbstractRemoteTestNG.java:115)
at org.testng.remote.RemoteTestNG.initAndRun(RemoteTestNG.java:251)
at org.testng.remote.RemoteTestNG.main(RemoteTestNG.java:77)
]]>
            </full-stacktrace>
          </exception> <!-- java.lang.NullPointerException -->
          <reporter-output>
          </reporter-output>
        </test-method> <!-- toVerifyTaskTab -->
        <test-method is-config="true" signature="logoutFromApplication()[pri:0, instance:tests.VerifyHeadersOfApplication@4fb61f4a]" started-at="2022-07-12T10:50:07 IST" name="logoutFromApplication" finished-at="1970-01-01T05:30:00 IST" duration-ms="-1657603207935" status="SKIP">
          <reporter-output>
          </reporter-output>
        </test-method> <!-- logoutFromApplication -->
        <test-method is-config="true" signature="loginToApplication()[pri:0, instance:tests.VerifyHeadersOfApplication@4fb61f4a]" started-at="2022-07-12T10:50:07 IST" name="loginToApplication" finished-at="1970-01-01T05:30:00 IST" duration-ms="-1657603207937" status="SKIP">
          <reporter-output>
          </reporter-output>
        </test-method> <!-- loginToApplication -->
        <test-method signature="toVerifyReportsTab()[pri:3, instance:tests.VerifyHeadersOfApplication@4fb61f4a]" started-at="2022-07-12T10:50:07 IST" name="toVerifyReportsTab" finished-at="2022-07-12T10:50:07 IST" duration-ms="0" status="SKIP">
          <exception class="java.lang.NullPointerException">
            <message>
              <![CDATA[Cannot invoke "org.openqa.selenium.WebDriver.manage()" because "this.driver" is null]]>
            </message>
            <full-stacktrace>
              <![CDATA[java.lang.NullPointerException: Cannot invoke "org.openqa.selenium.WebDriver.manage()" because "this.driver" is null
at tests.VerifyHeadersOfApplication.launchBrowser(VerifyHeadersOfApplication.java:55)
at java.base/jdk.internal.reflect.NativeMethodAccessorImpl.invoke0(Native Method)
at java.base/jdk.internal.reflect.NativeMethodAccessorImpl.invoke(NativeMethodAccessorImpl.java:78)
at java.base/jdk.internal.reflect.DelegatingMethodAccessorImpl.invoke(DelegatingMethodAccessorImpl.java:43)
at java.base/java.lang.reflect.Method.invoke(Method.java:567)
at org.testng.internal.MethodInvocationHelper.invokeMethod(MethodInvocationHelper.java:133)
at org.testng.internal.MethodInvocationHelper.invokeMethodConsideringTimeout(MethodInvocationHelper.java:62)
at org.testng.internal.ConfigInvoker.invokeConfigurationMethod(ConfigInvoker.java:385)
at org.testng.internal.ConfigInvoker.invokeConfigurations(ConfigInvoker.java:321)
at org.testng.TestRunner.invokeTestConfigurations(TestRunner.java:637)
at org.testng.TestRunner.beforeRun(TestRunner.java:627)
at org.testng.TestRunner.run(TestRunner.java:589)
at org.testng.SuiteRunner.runTest(SuiteRunner.java:377)
at org.testng.SuiteRunner.runSequentially(SuiteRunner.java:371)
at org.testng.SuiteRunner.privateRun(SuiteRunner.java:332)
at org.testng.SuiteRunner.run(SuiteRunner.java:276)
at org.testng.SuiteRunnerWorker.runSuite(SuiteRunnerWorker.java:53)
at org.testng.SuiteRunnerWorker.run(SuiteRunnerWorker.java:96)
at org.testng.TestNG.runSuitesSequentially(TestNG.java:1212)
at org.testng.TestNG.runSuitesLocally(TestNG.java:1134)
at org.testng.TestNG.runSuites(TestNG.java:1063)
at org.testng.TestNG.run(TestNG.java:1031)
at org.testng.remote.AbstractRemoteTestNG.run(AbstractRemoteTestNG.java:115)
at org.testng.remote.RemoteTestNG.initAndRun(RemoteTestNG.java:251)
at org.testng.remote.RemoteTestNG.main(RemoteTestNG.java:77)
]]>
            </full-stacktrace>
          </exception> <!-- java.lang.NullPointerException -->
          <reporter-output>
          </reporter-output>
        </test-method> <!-- toVerifyReportsTab -->
        <test-method is-config="true" signature="logoutFromApplication()[pri:0, instance:tests.VerifyHeadersOfApplication@4fb61f4a]" started-at="2022-07-12T10:50:07 IST" name="logoutFromApplication" finished-at="1970-01-01T05:30:00 IST" duration-ms="-1657603207941" status="SKIP">
          <reporter-output>
          </reporter-output>
        </test-method> <!-- logoutFromApplication -->
        <test-method is-config="true" signature="loginToApplication()[pri:0, instance:tests.VerifyHeadersOfApplication@4fb61f4a]" started-at="2022-07-12T10:50:07 IST" name="loginToApplication" finished-at="1970-01-01T05:30:00 IST" duration-ms="-1657603207942" status="SKIP">
          <reporter-output>
          </reporter-output>
        </test-method> <!-- loginToApplication -->
        <test-method signature="toVerifyUsersTab()[pri:4, instance:tests.VerifyHeadersOfApplication@4fb61f4a]" started-at="2022-07-12T10:50:07 IST" name="toVerifyUsersTab" finished-at="2022-07-12T10:50:07 IST" duration-ms="0" status="SKIP">
          <exception class="java.lang.NullPointerException">
            <message>
              <![CDATA[Cannot invoke "org.openqa.selenium.WebDriver.manage()" because "this.driver" is null]]>
            </message>
            <full-stacktrace>
              <![CDATA[java.lang.NullPointerException: Cannot invoke "org.openqa.selenium.WebDriver.manage()" because "this.driver" is null
at tests.VerifyHeadersOfApplication.launchBrowser(VerifyHeadersOfApplication.java:55)
at java.base/jdk.internal.reflect.NativeMethodAccessorImpl.invoke0(Native Method)
at java.base/jdk.internal.reflect.NativeMethodAccessorImpl.invoke(NativeMethodAccessorImpl.java:78)
at java.base/jdk.internal.reflect.DelegatingMethodAccessorImpl.invoke(DelegatingMethodAccessorImpl.java:43)
at java.base/java.lang.reflect.Method.invoke(Method.java:567)
at org.testng.internal.MethodInvocationHelper.invokeMethod(MethodInvocationHelper.java:133)
at org.testng.internal.MethodInvocationHelper.invokeMethodConsideringTimeout(MethodInvocationHelper.java:62)
at org.testng.internal.ConfigInvoker.invokeConfigurationMethod(ConfigInvoker.java:385)
at org.testng.internal.ConfigInvoker.invokeConfigurations(ConfigInvoker.java:321)
at org.testng.TestRunner.invokeTestConfigurations(TestRunner.java:637)
at org.testng.TestRunner.beforeRun(TestRunner.java:627)
at org.testng.TestRunner.run(TestRunner.java:589)
at org.testng.SuiteRunner.runTest(SuiteRunner.java:377)
at org.testng.SuiteRunner.runSequentially(SuiteRunner.java:371)
at org.testng.SuiteRunner.privateRun(SuiteRunner.java:332)
at org.testng.SuiteRunner.run(SuiteRunner.java:276)
at org.testng.SuiteRunnerWorker.runSuite(SuiteRunnerWorker.java:53)
at org.testng.SuiteRunnerWorker.run(SuiteRunnerWorker.java:96)
at org.testng.TestNG.runSuitesSequentially(TestNG.java:1212)
at org.testng.TestNG.runSuitesLocally(TestNG.java:1134)
at org.testng.TestNG.runSuites(TestNG.java:1063)
at org.testng.TestNG.run(TestNG.java:1031)
at org.testng.remote.AbstractRemoteTestNG.run(AbstractRemoteTestNG.java:115)
at org.testng.remote.RemoteTestNG.initAndRun(RemoteTestNG.java:251)
at org.testng.remote.RemoteTestNG.main(RemoteTestNG.java:77)
]]>
            </full-stacktrace>
          </exception> <!-- java.lang.NullPointerException -->
          <reporter-output>
          </reporter-output>
        </test-method> <!-- toVerifyUsersTab -->
        <test-method is-config="true" signature="logoutFromApplication()[pri:0, instance:tests.VerifyHeadersOfApplication@4fb61f4a]" started-at="2022-07-12T10:50:07 IST" name="logoutFromApplication" finished-at="1970-01-01T05:30:00 IST" duration-ms="-1657603207944" status="SKIP">
          <reporter-output>
          </reporter-output>
        </test-method> <!-- logoutFromApplication -->
        <test-method is-config="true" signature="loginToApplication()[pri:0, instance:tests.VerifyHeadersOfApplication@4fb61f4a]" started-at="2022-07-12T10:50:07 IST" name="loginToApplication" finished-at="1970-01-01T05:30:00 IST" duration-ms="-1657603207946" status="SKIP">
          <reporter-output>
          </reporter-output>
        </test-method> <!-- loginToApplication -->
        <test-method signature="toVerifyWorkSchedule()[pri:5, instance:tests.VerifyHeadersOfApplication@4fb61f4a]" started-at="2022-07-12T10:50:07 IST" name="toVerifyWorkSchedule" finished-at="2022-07-12T10:50:07 IST" duration-ms="0" status="SKIP">
          <exception class="java.lang.NullPointerException">
            <message>
              <![CDATA[Cannot invoke "org.openqa.selenium.WebDriver.manage()" because "this.driver" is null]]>
            </message>
            <full-stacktrace>
              <![CDATA[java.lang.NullPointerException: Cannot invoke "org.openqa.selenium.WebDriver.manage()" because "this.driver" is null
at tests.VerifyHeadersOfApplication.launchBrowser(VerifyHeadersOfApplication.java:55)
at java.base/jdk.internal.reflect.NativeMethodAccessorImpl.invoke0(Native Method)
at java.base/jdk.internal.reflect.NativeMethodAccessorImpl.invoke(NativeMethodAccessorImpl.java:78)
at java.base/jdk.internal.reflect.DelegatingMethodAccessorImpl.invoke(DelegatingMethodAccessorImpl.java:43)
at java.base/java.lang.reflect.Method.invoke(Method.java:567)
at org.testng.internal.MethodInvocationHelper.invokeMethod(MethodInvocationHelper.java:133)
at org.testng.internal.MethodInvocationHelper.invokeMethodConsideringTimeout(MethodInvocationHelper.java:62)
at org.testng.internal.ConfigInvoker.invokeConfigurationMethod(ConfigInvoker.java:385)
at org.testng.internal.ConfigInvoker.invokeConfigurations(ConfigInvoker.java:321)
at org.testng.TestRunner.invokeTestConfigurations(TestRunner.java:637)
at org.testng.TestRunner.beforeRun(TestRunner.java:627)
at org.testng.TestRunner.run(TestRunner.java:589)
at org.testng.SuiteRunner.runTest(SuiteRunner.java:377)
at org.testng.SuiteRunner.runSequentially(SuiteRunner.java:371)
at org.testng.SuiteRunner.privateRun(SuiteRunner.java:332)
at org.testng.SuiteRunner.run(SuiteRunner.java:276)
at org.testng.SuiteRunnerWorker.runSuite(SuiteRunnerWorker.java:53)
at org.testng.SuiteRunnerWorker.run(SuiteRunnerWorker.java:96)
at org.testng.TestNG.runSuitesSequentially(TestNG.java:1212)
at org.testng.TestNG.runSuitesLocally(TestNG.java:1134)
at org.testng.TestNG.runSuites(TestNG.java:1063)
at org.testng.TestNG.run(TestNG.java:1031)
at org.testng.remote.AbstractRemoteTestNG.run(AbstractRemoteTestNG.java:115)
at org.testng.remote.RemoteTestNG.initAndRun(RemoteTestNG.java:251)
at org.testng.remote.RemoteTestNG.main(RemoteTestNG.java:77)
]]>
            </full-stacktrace>
          </exception> <!-- java.lang.NullPointerException -->
          <reporter-output>
          </reporter-output>
        </test-method> <!-- toVerifyWorkSchedule -->
        <test-method is-config="true" signature="logoutFromApplication()[pri:0, instance:tests.VerifyHeadersOfApplication@4fb61f4a]" started-at="2022-07-12T10:50:07 IST" name="logoutFromApplication" finished-at="1970-01-01T05:30:00 IST" duration-ms="-1657603207948" status="SKIP">
          <reporter-output>
          </reporter-output>
        </test-method> <!-- logoutFromApplication -->
        <test-method is-config="true" signature="clearPOMObjects()[pri:0, instance:tests.VerifyHeadersOfApplication@4fb61f4a]" started-at="2022-07-12T10:50:07 IST" name="clearPOMObjects" finished-at="1970-01-01T05:30:00 IST" duration-ms="-1657603207950" status="SKIP">
          <reporter-output>
          </reporter-output>
        </test-method> <!-- clearPOMObjects -->
        <test-method is-config="true" signature="closeBrowser()[pri:0, instance:tests.VerifyHeadersOfApplication@4fb61f4a]" started-at="2022-07-12T10:50:07 IST" name="closeBrowser" finished-at="1970-01-01T05:30:00 IST" duration-ms="-1657603207951" status="SKIP">
          <reporter-output>
          </reporter-output>
        </test-method> <!-- closeBrowser -->
      </class> <!-- tests.VerifyHeadersOfApplication -->
    </test> <!-- OperaTest -->
    <test started-at="2022-07-12T10:50:07 IST" name="IETest" finished-at="2022-07-12T10:55:48 IST" duration-ms="340950">
      <class name="tests.validate">
        <test-method signature="test1()[pri:0, instance:tests.validate@4cc451f2]" started-at="2022-07-12T10:50:11 IST" name="test1" finished-at="2022-07-12T10:50:11 IST" duration-ms="1" status="PASS">
          <reporter-output>
          </reporter-output>
        </test-method> <!-- test1 -->
        <test-method is-config="true" signature="beforeMethod()[pri:0, instance:tests.validate@4cc451f2]" started-at="2022-07-12T10:50:11 IST" name="beforeMethod" finished-at="2022-07-12T10:50:11 IST" duration-ms="0" status="PASS">
          <reporter-output>
          </reporter-output>
        </test-method> <!-- beforeMethod -->
        <test-method is-config="true" signature="beforeClass()[pri:0, instance:tests.validate@4cc451f2]" started-at="2022-07-12T10:50:11 IST" name="beforeClass" finished-at="2022-07-12T10:50:11 IST" duration-ms="0" status="PASS">
          <reporter-output>
          </reporter-output>
        </test-method> <!-- beforeClass -->
        <test-method is-config="true" signature="afterMethod()[pri:0, instance:tests.validate@4cc451f2]" started-at="2022-07-12T10:50:11 IST" name="afterMethod" finished-at="2022-07-12T10:50:11 IST" duration-ms="0" status="PASS">
          <reporter-output>
          </reporter-output>
        </test-method> <!-- afterMethod -->
        <test-method is-config="true" signature="afterClass()[pri:0, instance:tests.validate@4cc451f2]" started-at="2022-07-12T10:50:11 IST" name="afterClass" finished-at="2022-07-12T10:50:11 IST" duration-ms="0" status="PASS">
          <reporter-output>
          </reporter-output>
        </test-method> <!-- afterClass -->
      </class> <!-- tests.validate -->
      <class name="tests.VerifyHeadersOfApplication">
        <test-method is-config="true" signature="launchBrowser(java.lang.String)[pri:0, instance:tests.VerifyHeadersOfApplication@6379eb]" started-at="2022-07-12T10:50:07 IST" name="launchBrowser" finished-at="2022-07-12T10:50:11 IST" duration-ms="3080" status="PASS">
          <params>
            <param index="0">
              <value>
                <![CDATA[IE]]>
              </value>
            </param>
          </params>
          <reporter-output>
          </reporter-output>
        </test-method> <!-- launchBrowser -->
        <test-method is-config="true" signature="createPOMObjects()[pri:0, instance:tests.VerifyHeadersOfApplication@6379eb]" started-at="2022-07-12T10:50:11 IST" name="createPOMObjects" finished-at="2022-07-12T10:50:11 IST" duration-ms="1" status="PASS">
          <reporter-output>
          </reporter-output>
        </test-method> <!-- createPOMObjects -->
        <test-method is-config="true" signature="loginToApplication()[pri:0, instance:tests.VerifyHeadersOfApplication@6379eb]" started-at="2022-07-12T10:50:11 IST" name="loginToApplication" finished-at="2022-07-12T10:51:15 IST" duration-ms="64490" status="PASS">
          <reporter-output>
          </reporter-output>
        </test-method> <!-- loginToApplication -->
        <test-method signature="toVerifyTimeTrackTab()[pri:1, instance:tests.VerifyHeadersOfApplication@6379eb]" started-at="2022-07-12T10:51:15 IST" name="toVerifyTimeTrackTab" finished-at="2022-07-12T10:51:16 IST" duration-ms="871" status="PASS">
          <reporter-output>
          </reporter-output>
        </test-method> <!-- toVerifyTimeTrackTab -->
        <test-method is-config="true" signature="logoutFromApplication()[pri:0, instance:tests.VerifyHeadersOfApplication@6379eb]" started-at="2022-07-12T10:51:16 IST" name="logoutFromApplication" finished-at="2022-07-12T10:51:17 IST" duration-ms="1090" status="PASS">
          <reporter-output>
          </reporter-output>
        </test-method> <!-- logoutFromApplication -->
        <test-method is-config="true" signature="loginToApplication()[pri:0, instance:tests.VerifyHeadersOfApplication@6379eb]" started-at="2022-07-12T10:51:17 IST" name="loginToApplication" finished-at="2022-07-12T10:52:21 IST" duration-ms="64328" status="PASS">
          <reporter-output>
          </reporter-output>
        </test-method> <!-- loginToApplication -->
        <test-method signature="toVerifyTaskTab()[pri:2, instance:tests.VerifyHeadersOfApplication@6379eb]" started-at="2022-07-12T10:52:21 IST" name="toVerifyTaskTab" finished-at="2022-07-12T10:52:23 IST" duration-ms="1438" status="PASS">
          <reporter-output>
          </reporter-output>
        </test-method> <!-- toVerifyTaskTab -->
        <test-method is-config="true" signature="logoutFromApplication()[pri:0, instance:tests.VerifyHeadersOfApplication@6379eb]" started-at="2022-07-12T10:52:23 IST" name="logoutFromApplication" finished-at="2022-07-12T10:52:24 IST" duration-ms="1040" status="PASS">
          <reporter-output>
          </reporter-output>
        </test-method> <!-- logoutFromApplication -->
        <test-method is-config="true" signature="loginToApplication()[pri:0, instance:tests.VerifyHeadersOfApplication@6379eb]" started-at="2022-07-12T10:52:24 IST" name="loginToApplication" finished-at="2022-07-12T10:53:28 IST" duration-ms="64256" status="PASS">
          <reporter-output>
          </reporter-output>
        </test-method> <!-- loginToApplication -->
        <test-method signature="toVerifyReportsTab()[pri:3, instance:tests.VerifyHeadersOfApplication@6379eb]" started-at="2022-07-12T10:53:28 IST" name="toVerifyReportsTab" finished-at="2022-07-12T10:53:29 IST" duration-ms="1201" status="PASS">
          <reporter-output>
          </reporter-output>
        </test-method> <!-- toVerifyReportsTab -->
        <test-method is-config="true" signature="logoutFromApplication()[pri:0, instance:tests.VerifyHeadersOfApplication@6379eb]" started-at="2022-07-12T10:53:29 IST" name="logoutFromApplication" finished-at="2022-07-12T10:53:30 IST" duration-ms="1091" status="PASS">
          <reporter-output>
          </reporter-output>
        </test-method> <!-- logoutFromApplication -->
        <test-method is-config="true" signature="loginToApplication()[pri:0, instance:tests.VerifyHeadersOfApplication@6379eb]" started-at="2022-07-12T10:53:30 IST" name="loginToApplication" finished-at="2022-07-12T10:54:37 IST" duration-ms="66671" status="PASS">
          <reporter-output>
          </reporter-output>
        </test-method> <!-- loginToApplication -->
        <test-method signature="toVerifyUsersTab()[pri:4, instance:tests.VerifyHeadersOfApplication@6379eb]" started-at="2022-07-12T10:54:37 IST" name="toVerifyUsersTab" finished-at="2022-07-12T10:54:40 IST" duration-ms="3061" status="PASS">
          <reporter-output>
          </reporter-output>
        </test-method> <!-- toVerifyUsersTab -->
        <test-method is-config="true" signature="logoutFromApplication()[pri:0, instance:tests.VerifyHeadersOfApplication@6379eb]" started-at="2022-07-12T10:54:40 IST" name="logoutFromApplication" finished-at="2022-07-12T10:54:41 IST" duration-ms="1094" status="PASS">
          <reporter-output>
          </reporter-output>
        </test-method> <!-- logoutFromApplication -->
        <test-method is-config="true" signature="loginToApplication()[pri:0, instance:tests.VerifyHeadersOfApplication@6379eb]" started-at="2022-07-12T10:54:41 IST" name="loginToApplication" finished-at="2022-07-12T10:55:46 IST" duration-ms="64399" status="PASS">
          <reporter-output>
          </reporter-output>
        </test-method> <!-- loginToApplication -->
        <test-method signature="toVerifyWorkSchedule()[pri:5, instance:tests.VerifyHeadersOfApplication@6379eb]" started-at="2022-07-12T10:55:46 IST" name="toVerifyWorkSchedule" finished-at="2022-07-12T10:55:47 IST" duration-ms="1635" status="PASS">
          <reporter-output>
          </reporter-output>
        </test-method> <!-- toVerifyWorkSchedule -->
        <test-method is-config="true" signature="logoutFromApplication()[pri:0, instance:tests.VerifyHeadersOfApplication@6379eb]" started-at="2022-07-12T10:55:47 IST" name="logoutFromApplication" finished-at="2022-07-12T10:55:48 IST" duration-ms="1060" status="PASS">
          <reporter-output>
          </reporter-output>
        </test-method> <!-- logoutFromApplication -->
        <test-method is-config="true" signature="clearPOMObjects()[pri:0, instance:tests.VerifyHeadersOfApplication@6379eb]" started-at="2022-07-12T10:55:48 IST" name="clearPOMObjects" finished-at="2022-07-12T10:55:48 IST" duration-ms="0" status="PASS">
          <reporter-output>
          </reporter-output>
        </test-method> <!-- clearPOMObjects -->
        <test-method is-config="true" signature="closeBrowser()[pri:0, instance:tests.VerifyHeadersOfApplication@6379eb]" started-at="2022-07-12T10:55:48 IST" name="closeBrowser" finished-at="2022-07-12T10:55:48 IST" duration-ms="133" status="PASS">
          <reporter-output>
          </reporter-output>
        </test-method> <!-- closeBrowser -->
      </class> <!-- tests.VerifyHeadersOfApplication -->
    </test> <!-- IETest -->
  </suite> <!-- Suite -->
</testng-results>
