<?xml version="1.0" encoding="UTF-8"?>
<!-- Generated by org.testng.reporters.JUnitReportReporter -->
<testsuite hostname="Dell-PC" failures="0" tests="3" name="tests.validate" time="0.010" errors="0" timestamp="2022-07-14T23:16:23 IST" skipped="0">
  <testcase classname="tests.validate" name="test1" time="0.007"/>
  <system-out/>
  <testcase classname="tests.validate" name="test1" time="0.001"/>
  <system-out/>
  <testcase classname="tests.validate" name="test1" time="0.002"/>
  <system-out/>
</testsuite> <!-- tests.validate -->
